<?xml version="1.0" encoding="UTF-8"?>
<!-- Generated by org.testng.reporters.JUnitXMLReporter -->
<testsuite ignored="3" hostname="Midhun" failures="1" tests="5" name="Test" time="30.858" errors="0" timestamp="2024-07-23T11:25:37 IST">
  <testcase classname="testScipt.LoginTest" name="verifyTheUserIsAbleToLoginUsingValidCredentials" time="2.591"/>
  <testcase classname="testScipt.LoginTest" name="verifyTheUserIsUnableToLoginUsingInvalidUsername" time="4.32">
    <skipped/>
  </testcase> <!-- verifyTheUserIsUnableToLoginUsingInvalidUsername -->
  <testcase classname="testScipt.LoginTest" name="verifyTheUserIsUnableToLoginUsingInvalidUsername" time="3.123">
    <skipped/>
  </testcase> <!-- verifyTheUserIsUnableToLoginUsingInvalidUsername -->
  <testcase classname="testScipt.LoginTest" name="verifyTheUserIsUnableToLoginUsingInvalidUsername" time="2.817">
    <skipped/>
  </testcase> <!-- verifyTheUserIsUnableToLoginUsingInvalidUsername -->
  <testcase classname="testScipt.LoginTest" name="verifyTheUserIsUnableToLoginUsingInvalidUsername" time="3.443">
    <failure type="org.openqa.selenium.NoSuchElementException" message="Unable to find element with locator By.xpath: //li[@class=&amp;apos;breadcrumb-item active&amp;apos;]
For documentation on this error, please visit: https://www.selenium.dev/documentation/webdriver/troubleshooting/errors#no-such-element-exception
Build info: version: &amp;apos;4.18.1&amp;apos;, revision: &amp;apos;b1d3319b48&amp;apos;
System info: os.name: &amp;apos;Windows 11&amp;apos;, os.arch: &amp;apos;amd64&amp;apos;, os.version: &amp;apos;10.0&amp;apos;, java.version: &amp;apos;17.0.10&amp;apos;
Driver info: driver.version: RemoteWebDriver">
      <![CDATA[org.openqa.selenium.NoSuchElementException: Unable to find element with locator By.xpath: //li[@class='breadcrumb-item active']
For documentation on this error, please visit: https://www.selenium.dev/documentation/webdriver/troubleshooting/errors#no-such-element-exception
Build info: version: '4.18.1', revision: 'b1d3319b48'
System info: os.name: 'Windows 11', os.arch: 'amd64', os.version: '10.0', java.version: '17.0.10'
Driver info: driver.version: RemoteWebDriver
at org.openqa.selenium.remote.ElementLocation$ElementFinder$2.findElement(ElementLocation.java:168)
at org.openqa.selenium.remote.ElementLocation.findElement(ElementLocation.java:59)
at org.openqa.selenium.remote.RemoteWebDriver.findElement(RemoteWebDriver.java:356)
at org.openqa.selenium.remote.RemoteWebDriver.findElement(RemoteWebDriver.java:350)
at org.openqa.selenium.support.pagefactory.DefaultElementLocator.findElement(DefaultElementLocator.java:68)
at org.openqa.selenium.support.pagefactory.internal.LocatingElementHandler.invoke(LocatingElementHandler.java:38)
at jdk.proxy2/jdk.proxy2.$Proxy15.isDisplayed(Unknown Source)
at pages.LoginPage.isHomePageLoaded(LoginPage.java:31)
at testScipt.LoginTest.verifyTheUserIsUnableToLoginUsingInvalidUsername(LoginTest.java:40)
at java.base/java.util.ArrayList.forEach(ArrayList.java:1511)
... Removed 27 stack frames]]>
    </failure>
  </testcase> <!-- verifyTheUserIsUnableToLoginUsingInvalidUsername -->
  <testcase classname="testScipt.LoginTest" name="verifyTheUserIsUnableToLoginUsingInvalidCredentials" time="0.0">
    <ignored/>
  </testcase> <!-- verifyTheUserIsUnableToLoginUsingInvalidCredentials -->
  <testcase classname="testScipt.LoginTest" name="verifyUserLoginWithValidCredential" time="0.0">
    <ignored/>
  </testcase> <!-- verifyUserLoginWithValidCredential -->
  <testcase classname="testScipt.LoginTest" name="verifyTheUserIsUnableToLoginUsingInvalidPassword" time="0.0">
    <ignored/>
  </testcase> <!-- verifyTheUserIsUnableToLoginUsingInvalidPassword -->
</testsuite> <!-- Test -->
